
                            < M A T L A B (R) >
                  Copyright 1984-2014 The MathWorks, Inc.
                   R2014b (8.4.0.150421) 64-bit (glnxa64)
                             September 15, 2014


                            < M A T L A B (R) >
                  Copyright 1984-2014 The MathWorks, Inc.
                   R2014b (8.4.0.150421) 64-bit (glnxa64)
                             September 15, 2014


                            < M A T L A B (R) >
                  Copyright 1984-2014 The MathWorks, Inc.
                   R2014b (8.4.0.150421) 64-bit (glnxa64)
                             September 15, 2014


                            < M A T L A B (R) >
                  Copyright 1984-2014 The MathWorks, Inc.
                   R2014b (8.4.0.150421) 64-bit (glnxa64)
                             September 15, 2014


                            < M A T L A B (R) >
                  Copyright 1984-2014 The MathWorks, Inc.
                   R2014b (8.4.0.150421) 64-bit (glnxa64)
                             September 15, 2014


                            < M A T L A B (R) >
                  Copyright 1984-2014 The MathWorks, Inc.
                   R2014b (8.4.0.150421) 64-bit (glnxa64)
                             September 15, 2014


                            < M A T L A B (R) >
                  Copyright 1984-2014 The MathWorks, Inc.
                   R2014b (8.4.0.150421) 64-bit (glnxa64)
                             September 15, 2014


                            < M A T L A B (R) >
                  Copyright 1984-2014 The MathWorks, Inc.
                   R2014b (8.4.0.150421) 64-bit (glnxa64)
                             September 15, 2014

slurmstepd: Job 147667 exceeded memory limit (1691788 > 1122304), being killed
 
 
 
 
 
 
 
 
To get started, type one of these: helpwin, helpdesk, or demo.
To get started, type one of these: helpwin, helpdesk, or demo.
To get started, type one of these: helpwin, helpdesk, or demo.
To get started, type one of these: helpwin, helpdesk, or demo.
For product information, visit www.mathworks.com.
To get started, type one of these: helpwin, helpdesk, or demo.
 
To get started, type one of these: helpwin, helpdesk, or demo.
To get started, type one of these: helpwin, helpdesk, or demo.
For product information, visit www.mathworks.com.
To get started, type one of these: helpwin, helpdesk, or demo.
For product information, visit www.mathworks.com.
 
 
For product information, visit www.mathworks.com.
For product information, visit www.mathworks.com.
 
 
For product information, visit www.mathworks.com.
For product information, visit www.mathworks.com.
 
 
For product information, visit www.mathworks.com.
 
>> >> >> >> >> >> /var/spool/slurmd/job147667/slurm_script: line 22: 108739 Killed                  matlab -nodesktop -singleCompThread -nodisplay -nosplash -r "onejob"
/var/spool/slurmd/job147667/slurm_script: line 22: 108740 Killed                  matlab -nodesktop -singleCompThread -nodisplay -nosplash -r "onejob"
/var/spool/slurmd/job147667/slurm_script: line 22: 108742 Killed                  matlab -nodesktop -singleCompThread -nodisplay -nosplash -r "onejob"
/var/spool/slurmd/job147667/slurm_script: line 22: 108745 Killed                  matlab -nodesktop -singleCompThread -nodisplay -nosplash -r "onejob"
